<?xml version="1.0" encoding="UTF-8"?>
<!-- Generated by org.testng.reporters.JUnitReportReporter -->
<testsuite hostname="DESKTOP-GIDSMIF" failures="0" tests="1" name="com.melshalati.testCases.Selecting" time="4.732" errors="0" timestamp="2021-11-10T18:13:49 EST" skipped="0">
  <testcase classname="com.melshalati.testCases.Selecting" name="select" time="4.732"/>
  <system-out/>
</testsuite> <!-- com.melshalati.testCases.Selecting -->
