<?xml version="1.0" encoding="UTF-8"?>
<!-- Generated by org.testng.reporters.JUnitReportReporter -->
<testsuite hostname="DESKTOP-GIDSMIF" failures="0" tests="1" name="com.melshalati.testCases.CheckBoxes" time="12.231" errors="0" timestamp="2021-11-10T18:28:07 EST" skipped="0">
  <testcase classname="com.melshalati.testCases.CheckBoxes" name="checkBoxes" time="12.231"/>
  <system-out/>
</testsuite> <!-- com.melshalati.testCases.CheckBoxes -->
