<?xml version="1.0" encoding="UTF-8"?>
<!-- Generated by org.testng.reporters.JUnitReportReporter -->
<testsuite hostname="DESKTOP-GIDSMIF" failures="0" tests="1" name="com.melshalati.testCases.DropDownMenu" time="4.740" errors="0" timestamp="2021-11-10T18:28:07 EST" skipped="0">
  <testcase classname="com.melshalati.testCases.DropDownMenu" name="dropDownMenu" time="4.740"/>
  <system-out/>
</testsuite> <!-- com.melshalati.testCases.DropDownMenu -->
